feedback/2026-03-09-mobile-play-split-guide.md
feedback/2026-03-09-125540-audit-task-4364.md
feedback/2026-03-09-155355-audit-task-2650.md
feedback/2026-03-09-155355-audit-task-2651.md
feedback/2026-03-09-155355-audit-task-2652.md
feedback/2026-03-09-155355-audit-task-4344.md
feedback/2026-03-09-155355-audit-task-4345.md
feedback/2026-03-09-185355-audit-task-8675.md
feedback/2026-03-09-change-plan-mobile.md
feedback/2026-03-09-185355-audit-task-2653.md
feedback/2026-03-10-065227-audit-task-48732.md
feedback/2026-03-10-065227-audit-task-48733.md
feedback/2026-03-10-065227-audit-task-48735.md
feedback/2026-03-10-065227-audit-task-48734.md
feedback/2026-03-10-065227-audit-task-48736.md
feedback/2026-03-10-065227-audit-task-48737.md
feedback/2026-03-10-082709-audit-task-4364.md
feedback/2026-03-10-082709-audit-task-2650.md
feedback/2026-03-10-082709-audit-task-2653.md
feedback/2026-03-10-082709-audit-task-48732.md
feedback/2026-03-10-082709-audit-task-2651.md
feedback/2026-03-10-082709-audit-task-48733.md
feedback/2026-03-10-082709-audit-task-2652.md
feedback/2026-03-10-082709-audit-task-48734.md
feedback/2026-03-10-082709-audit-task-4344.md
feedback/2026-03-10-082709-audit-task-48735.md
feedback/2026-03-10-082709-audit-task-4345.md
feedback/2026-03-10-082709-audit-task-48736.md
feedback/2026-03-10-082709-audit-task-8675.md
feedback/2026-03-10-082709-audit-task-48737.md
feedback/2026-03-10-101409-audit-task-4364.md
feedback/2026-03-10-101409-audit-task-2650.md
feedback/2026-03-10-101409-audit-task-2651.md
feedback/2026-03-10-101409-audit-task-2653.md
feedback/2026-03-10-101409-audit-task-48732.md
feedback/2026-03-10-101409-audit-task-48733.md
feedback/2026-03-10-101409-audit-task-2652.md
feedback/2026-03-10-101409-audit-task-48734.md
feedback/2026-03-10-101409-audit-task-4344.md
feedback/2026-03-10-101409-audit-task-48735.md
feedback/2026-03-10-101409-audit-task-4345.md
feedback/2026-03-10-101409-audit-task-48736.md
feedback/2026-03-10-101409-audit-task-8675.md
feedback/2026-03-10-101409-audit-task-48737.md
feedback/2026-03-10-125625-audit-task-11710.md
feedback/2026-03-10-125626-audit-task-2650.md
feedback/2026-03-10-125626-audit-task-2651.md
feedback/2026-03-10-125626-audit-task-2652.md
feedback/2026-03-10-125626-audit-task-2653.md
feedback/2026-03-10-125626-audit-task-4344.md
feedback/2026-03-10-125626-audit-task-4345.md
feedback/2026-03-10-125626-audit-task-4364.md
feedback/2026-03-10-125626-audit-task-48732.md
feedback/2026-03-10-125626-audit-task-48733.md
feedback/2026-03-10-125626-audit-task-48734.md
feedback/2026-03-10-125626-audit-task-48735.md
feedback/2026-03-10-125626-audit-task-48736.md
feedback/2026-03-10-125626-audit-task-48737.md
feedback/2026-03-10-125626-audit-task-8675.md
feedback/2026-03-10-public-repo-graph-audit.md
feedback/2026-03-10-lead-dev-external-tools-plane-feedback.md
feedback/2026-03-10-github-review-pr.md
feedback/2026-03-10-lead-dev-external-tools-plane-feedback.md
feedback/2026-03-10-github-review-pr.md
feedback/2026-03-11-github-review-pr.md
feedback/2026-03-11-090017-audit-task-4364.md
feedback/2026-03-11-090017-audit-task-2650.md
feedback/2026-03-11-090017-audit-task-2653.md
feedback/2026-03-11-090017-audit-task-11710.md
feedback/2026-03-11-090017-audit-task-48732.md
feedback/2026-03-11-090017-audit-task-2651.md
feedback/2026-03-11-090017-audit-task-48733.md
feedback/2026-03-11-090017-audit-task-2652.md
feedback/2026-03-11-090017-audit-task-48734.md
feedback/2026-03-11-090017-audit-task-4344.md
feedback/2026-03-11-090017-audit-task-48735.md
feedback/2026-03-11-090017-audit-task-4345.md
feedback/2026-03-11-090018-audit-task-48736.md
feedback/2026-03-11-090018-audit-task-8675.md
feedback/2026-03-11-090018-audit-task-48737.md
